<?xml version="1.0" encoding="UTF-8"?>
<testsuites tests="3" failures="0" disabled="0" errors="0" timestamp="2023-12-25T14:42:32" time="0" name="AllTests">
  <testsuite name="TestSuite" tests="3" failures="0" disabled="0" errors="0" time="0">
    <testcase name="testCase1" status="run" time="0" classname="TestSuite" />
    <testcase name="testCase2" status="run" time="0" classname="TestSuite" />
    <testcase name="testCase3" status="run" time="0" classname="TestSuite" />
  </testsuite>
</testsuites>
